2019-06-21 14:01:08,528 - INFO - 自动化采集抖音视频的脚本开始执行
2019-06-21 14:01:08,528 - INFO - 已启动线程进行处理
2019-06-21 14:01:18,478 - INFO - 连接抖音app成功
2019-06-21 14:01:18,478 - INFO - mongoSetting {'url': 'mongodb://127.0.0.1:27017/', 'name': 'root', 'password': '123456', 'authDB': 'admin', 'db': 'douyin'}
2019-06-21 14:01:18,479 - INFO - 判断账户是否已经登陆
2019-06-21 14:01:18,479 - INFO - find elements by id: com.ss.android.ugc.aweme:id/cp7
2019-06-21 14:01:19,726 - INFO - tabbar tab count: 5
2019-06-21 14:01:19,726 - INFO - 点击主页中导航条的第4个tab页
2019-06-21 14:01:32,683 - INFO - 点击主页中的"我"
2019-06-21 14:01:32,683 - INFO - find element no wait by id: com.ss.android.ugc.aweme:id/dcy
2019-06-21 14:01:32,784 - INFO - 已经登陆
2019-06-21 14:01:32,784 - INFO - 即将进入我的关注页面
2019-06-21 14:01:32,785 - INFO - find elements by id: com.ss.android.ugc.aweme:id/cp7
2019-06-21 14:01:32,858 - INFO - tabbar tab count: 5
2019-06-21 14:01:32,858 - INFO - 点击主页中导航条的第4个tab页
2019-06-21 14:01:45,981 - INFO - 点击主页中的"我"
2019-06-21 14:01:45,981 - INFO - 点击"我"中的"关注"
2019-06-21 14:01:45,981 - INFO - find element by id: com.ss.android.ugc.aweme:id/adw
2019-06-21 14:01:46,016 - INFO - 已关注的用户数量为：112
2019-06-21 14:02:16,501 - INFO - find elements by id: com.ss.android.ugc.aweme:id/db9
2019-06-21 14:02:16,550 - INFO - len(follow_els): 8
2019-06-21 14:02:16,550 - INFO - 开始访问已关注的用户主页
2019-06-21 14:02:27,452 - INFO - find element no wait by id: com.ss.android.ugc.aweme:id/dcy
2019-06-21 14:02:27,498 - INFO - unique text: 抖音号: zimc2006
2019-06-21 14:02:27,507 - INFO - ids: ['zimc2006']
2019-06-21 14:02:27,507 - INFO - find element by id: com.ss.android.ugc.aweme:id/bka
2019-06-21 14:02:27,535 - INFO - 正在爬取的用户昵称: 浙江国际海运职业技术学院, 抖音号: zimc2006
2019-06-21 14:02:27,536 - INFO - tap point (100, 148)
2019-06-21 14:02:32,763 - INFO - find element no wait by id: com.ss.android.ugc.aweme:id/dcy
2019-06-21 14:02:53,285 - INFO - 成功返回到关注用户列表页
2019-06-21 14:03:09,587 - INFO - find element no wait by id: com.ss.android.ugc.aweme:id/dcy
2019-06-21 14:03:09,613 - INFO - unique text: 抖音号: DF18852167900
2019-06-21 14:03:09,623 - INFO - ids: ['zimc2006', 'DF18852167900']
2019-06-21 14:03:09,624 - INFO - find element by id: com.ss.android.ugc.aweme:id/bka
2019-06-21 14:03:09,642 - INFO - 正在爬取的用户昵称: 徐州市东风职业培训学校, 抖音号: DF18852167900
2019-06-21 14:03:09,642 - INFO - tap point (100, 148)
2019-06-21 14:03:14,870 - INFO - find element no wait by id: com.ss.android.ugc.aweme:id/dcy
2019-06-21 14:03:35,091 - INFO - 成功返回到关注用户列表页
